#
# There is insufficient memory for the Java Runtime Environment to continue.
# Native memory allocation (mmap) failed to map 201326592 bytes for Failed to commit area from 0x0000000741400000 to 0x000000074d400000 of length 201326592.
# Possible reasons:
#   The system is out of physical RAM or swap space
#   The process is running with CompressedOops enabled, and the Java Heap may be blocking the growth of the native heap
# Possible solutions:
#   Reduce memory load on the system
#   Increase physical memory or swap space
#   Check if swap backing store is full
#   Decrease Java heap size (-Xmx/-Xms)
#   Decrease number of Java threads
#   Decrease Java thread stack sizes (-Xss)
#   Set larger code cache with -XX:ReservedCodeCacheSize=
# This output file may be truncated or incomplete.
#
#  Out of Memory Error (./open/src/hotspot/os/windows/os_windows.cpp:3273), pid=13036, tid=6716
#
# JRE version:  (11.0.12+8) (build )
# Java VM: Java HotSpot(TM) 64-Bit Server VM (11.0.12+8-LTS-237, mixed mode, sharing, tiered, compressed oops, g1 gc, windows-amd64)
# No core dump will be written. Minidumps are not enabled by default on client versions of Windows
#

---------------  S U M M A R Y ------------

Command Line: -ea -Didea.test.cyclic.buffer.size=1048576 -javaagent:C:\Users\Ilnur\AppData\Local\JetBrains\Toolbox\apps\IDEA-C\ch-0\212.5284.40\lib\idea_rt.jar=57614:C:\Users\Ilnur\AppData\Local\JetBrains\Toolbox\apps\IDEA-C\ch-0\212.5284.40\bin -Dfile.encoding=UTF-8 com.intellij.rt.junit.JUnitStarter -ideVersion5 -junit5 ru.netology.manager.PostManagerTest,removeById

Host: Intel(R) Core(TM) i3-5005U CPU @ 2.00GHz, 4 cores, 11G,  Windows 10 , 64 bit Build 19041 (10.0.19041.1466)
Time: Mon Feb  7 20:08:46 2022 RTZ 2 (зима) elapsed time: 0.042497 seconds (0d 0h 0m 0s)

---------------  T H R E A D  ---------------

Current thread (0x0000026217ea1800):  JavaThread "Unknown thread" [_thread_in_vm, id=6716, stack(0x000000e358600000,0x000000e358700000)]

Stack: [0x000000e358600000,0x000000e358700000]
Native frames: (J=compiled Java code, j=interpreted, Vv=VM code, C=native code)
V  [jvm.dll+0x617d9a]
V  [jvm.dll+0x74eeef]
V  [jvm.dll+0x750599]
V  [jvm.dll+0x750c23]
V  [jvm.dll+0x2438d8]
V  [jvm.dll+0x61518a]
V  [jvm.dll+0x609f45]
V  [jvm.dll+0x2f85cc]
V  [jvm.dll+0x2f8452]
V  [jvm.dll+0x2fd106]
V  [jvm.dll+0x33f6ef]
V  [jvm.dll+0x33f120]
V  [jvm.dll+0x2d5ca8]
V  [jvm.dll+0x2d6e06]
V  [jvm.dll+0x72a977]
V  [jvm.dll+0x72c21f]
V  [jvm.dll+0x34c469]
V  [jvm.dll+0x710400]
V  [jvm.dll+0x3b5baf]
V  [jvm.dll+0x3b7cb1]
C  [jli.dll+0x520b]
C  [ucrtbase.dll+0x21bb2]
C  [KERNEL32.DLL+0x17034]
C  [ntdll.dll+0x52651]


---------------  P R O C E S S  ---------------

Threads class SMR info:
_java_thread_list=0x0000026215cc4ed0, length=0, elements={
}

Java Threads: ( => current thread )

Other Threads:
  0x0000026217eb7800 GCTaskThread "GC Thread#0" [stack: 0x000000e358700000,0x000000e358800000] [id=9376]
  0x0000026217efd000 ConcurrentGCThread "G1 Main Marker" [stack: 0x000000e358800000,0x000000e358900000] [id=15712]
  0x0000026217f01000 ConcurrentGCThread "G1 Conc#0" [stack: 0x000000e358900000,0x000000e358a00000] [id=12308]

[error occurred during error reporting (printing all threads), id 0xc0000005, EXCEPTION_ACCESS_VIOLATION (0xc0000005) at pc=0x00007ffd4e024f37]

VM state:not at safepoint (not fully initialized)

VM Mutex/Monitor currently owned by a thread:  ([mutex/lock_event])
[0x0000026217e9cc60] Heap_lock - owner thread: 0x0000026217ea1800

Heap address: 0x0000000741400000, size: 3052 MB, Compressed Oops mode: Non-zero based: 0x0000000741400000
Narrow klass base: 0x0000000000000000, Narrow klass shift: 0

GC Heap History (0 events):
No events

Deoptimization events (0 events):
No events

Classes redefined (0 events):
No events

Internal exceptions (0 events):
No events

Events (0 events):
No events


Dynamic libraries:
0x00007ff62c650000 - 0x00007ff62c65f000 	C:\Program Files\Java\jdk-11.0.12\bin\java.exe
0x00007ffda6350000 - 0x00007ffda6545000 	C:\Windows\SYSTEM32\ntdll.dll
0x00007ffd9cec0000 - 0x00007ffd9ced6000 	C:\Program Files\Avast Software\Avast\aswhook.dll
0x00007ffda61e0000 - 0x00007ffda629e000 	C:\Windows\System32\KERNEL32.DLL
0x00007ffda3b70000 - 0x00007ffda3e38000 	C:\Windows\System32\KERNELBASE.dll
0x00007ffda4000000 - 0x00007ffda4100000 	C:\Windows\System32\ucrtbase.dll
0x00007ffd9df00000 - 0x00007ffd9df15000 	C:\Program Files\Java\jdk-11.0.12\bin\VCRUNTIME140.dll
0x00007ffd9b540000 - 0x00007ffd9b558000 	C:\Program Files\Java\jdk-11.0.12\bin\jli.dll
0x00007ffda4ea0000 - 0x00007ffda4f4e000 	C:\Windows\System32\ADVAPI32.dll
0x00007ffda5a90000 - 0x00007ffda5b2e000 	C:\Windows\System32\msvcrt.dll
0x00007ffda4660000 - 0x00007ffda46fc000 	C:\Windows\System32\sechost.dll
0x00007ffda5210000 - 0x00007ffda5335000 	C:\Windows\System32\RPCRT4.dll
0x00007ffda4480000 - 0x00007ffda4621000 	C:\Windows\System32\USER32.dll
0x00007ffd9ea90000 - 0x00007ffd9ed2a000 	C:\Windows\WinSxS\amd64_microsoft.windows.common-controls_6595b64144ccf1df_6.0.19041.1110_none_60b5254171f9507e\COMCTL32.dll
0x00007ffda42e0000 - 0x00007ffda4302000 	C:\Windows\System32\win32u.dll
0x00007ffda4f50000 - 0x00007ffda4f7b000 	C:\Windows\System32\GDI32.dll
0x00007ffda3a60000 - 0x00007ffda3b6d000 	C:\Windows\System32\gdi32full.dll
0x00007ffda4240000 - 0x00007ffda42dd000 	C:\Windows\System32\msvcp_win.dll
0x00007ffd9d3c0000 - 0x00007ffd9d3ca000 	C:\Windows\SYSTEM32\VERSION.dll
0x00007ffda4630000 - 0x00007ffda4660000 	C:\Windows\System32\IMM32.DLL
0x00007ffd7f190000 - 0x00007ffd7f22b000 	C:\Program Files\Java\jdk-11.0.12\bin\msvcp140.dll
0x00007ffd4dd40000 - 0x00007ffd4e83f000 	C:\Program Files\Java\jdk-11.0.12\bin\server\jvm.dll
0x00007ffda4470000 - 0x00007ffda4478000 	C:\Windows\System32\PSAPI.DLL
0x00007ffd98cd0000 - 0x00007ffd98cd9000 	C:\Windows\SYSTEM32\WSOCK32.dll
0x00007ffda62a0000 - 0x00007ffda630b000 	C:\Windows\System32\WS2_32.dll
0x00007ffd8c980000 - 0x00007ffd8c9a7000 	C:\Windows\SYSTEM32\WINMM.dll
0x00007ffda1950000 - 0x00007ffda1962000 	C:\Windows\SYSTEM32\kernel.appcore.dll
0x00007ffd9e100000 - 0x00007ffd9e110000 	C:\Program Files\Java\jdk-11.0.12\bin\verify.dll
0x00007ffd9c9c0000 - 0x00007ffd9cba4000 	C:\Windows\SYSTEM32\DBGHELP.DLL
0x00007ffd9c850000 - 0x00007ffd9c87c000 	C:\Windows\SYSTEM32\dbgcore.DLL
0x00007ffda4100000 - 0x00007ffda4182000 	C:\Windows\System32\bcryptPrimitives.dll
0x00007ffd954c0000 - 0x00007ffd954e8000 	C:\Program Files\Java\jdk-11.0.12\bin\java.dll
0x00007ffd9d220000 - 0x00007ffd9d22a000 	C:\Program Files\Java\jdk-11.0.12\bin\jimage.dll
0x00007ffd9e0f0000 - 0x00007ffd9e0fe000 	C:\Program Files\Java\jdk-11.0.12\bin\instrument.dll
0x00007ffd9ab50000 - 0x00007ffd9ab66000 	C:\Program Files\Java\jdk-11.0.12\bin\zip.dll

dbghelp: loaded successfully - version: 4.0.5 - missing functions: none
symbol engine: initialized successfully - sym options: 0x614 - pdb path: .;C:\Program Files\Java\jdk-11.0.12\bin;C:\Windows\SYSTEM32;C:\Program Files\Avast Software\Avast;C:\Windows\WinSxS\amd64_microsoft.windows.common-controls_6595b64144ccf1df_6.0.19041.1110_none_60b5254171f9507e;C:\Program Files\Java\jdk-11.0.12\bin\server

VM Arguments:
jvm_args: -ea -Didea.test.cyclic.buffer.size=1048576 -javaagent:C:\Users\Ilnur\AppData\Local\JetBrains\Toolbox\apps\IDEA-C\ch-0\212.5284.40\lib\idea_rt.jar=57614:C:\Users\Ilnur\AppData\Local\JetBrains\Toolbox\apps\IDEA-C\ch-0\212.5284.40\bin -Dfile.encoding=UTF-8 
java_command: com.intellij.rt.junit.JUnitStarter -ideVersion5 -junit5 ru.netology.manager.PostManagerTest,removeById
java_class_path (initial): C:\Users\Ilnur\.m2\repository\org\junit\platform\junit-platform-launcher\1.4.2\junit-platform-launcher-1.4.2.jar;C:\Users\Ilnur\AppData\Local\JetBrains\Toolbox\apps\IDEA-C\ch-0\212.5284.40\lib\idea_rt.jar;C:\Users\Ilnur\AppData\Local\JetBrains\Toolbox\apps\IDEA-C\ch-0\212.5284.40\plugins\junit\lib\junit5-rt.jar;C:\Users\Ilnur\AppData\Local\JetBrains\Toolbox\apps\IDEA-C\ch-0\212.5284.40\plugins\junit\lib\junit-rt.jar;C:\MavenProjects\Afisha\target\test-classes;C:\MavenProjects\Afisha\target\classes;C:\Users\Ilnur\.m2\repository\org\projectlombok\lombok\1.18.22\lombok-1.18.22.jar;C:\Users\Ilnur\.m2\repository\org\junit\jupiter\junit-jupiter\5.4.2\junit-jupiter-5.4.2.jar;C:\Users\Ilnur\.m2\repository\org\junit\jupiter\junit-jupiter-api\5.4.2\junit-jupiter-api-5.4.2.jar;C:\Users\Ilnur\.m2\repository\org\apiguardian\apiguardian-api\1.0.0\apiguardian-api-1.0.0.jar;C:\Users\Ilnur\.m2\repository\org\opentest4j\opentest4j\1.1.1\opentest4j-1.1.1.jar;C:\Users\Ilnur\.m2\repository\org\junit\platform\junit-platform-commons\1.4.2\junit-platform-commons-1.4.2.jar;C:\Users\Ilnur\.m2\repository\org\junit\jupiter\junit-jupiter-params\5.4.2\junit-jupiter-params-5.4.2.jar;C:\Users\Ilnur\.m2\repository\org\junit\jupiter\junit-jupiter-engine\5.4.2\junit-jupiter-engine-5.4.2.jar;C:\Users\Ilnur\.m2\repository\org\junit\platform\junit-platform-engine\1.4.2\junit-platform-engine-1.4.2.jar;C:\Users\Ilnur\.m2\repository\org\mockito\mockito-junit-jupiter\3.3.3\mockito-junit-jupiter-3.3.3.jar;C:\Users\Ilnur\.m2\repository\org\mockito\mockito-core\3.3.3\mockito-core-3.3.3.jar;C:\Users\Ilnur\.m2\repository\net\bytebuddy\byte-buddy\1.10.5\byte-buddy-1.10.5.jar;C:\Users\Ilnur\.m2\repository\net\bytebuddy\byte-buddy-agent\1.10.5\byte-buddy-agent-1.10.5.jar;C:\Users\Ilnur\.m2\repository\org\objenesis\objenesis\2.6\objenesis-2.6.jar
Launcher Type: SUN_STANDARD

[Global flags]
     intx CICompilerCount                          = 3                                         {product} {ergonomic}
     uint ConcGCThreads                            = 1                                         {product} {ergonomic}
     uint G1ConcRefinementThreads                  = 4                                         {product} {ergonomic}
   size_t G1HeapRegionSize                         = 1048576                                   {product} {ergonomic}
    uintx GCDrainStackTargetSize                   = 64                                        {product} {ergonomic}
   size_t InitialHeapSize                          = 201326592                                 {product} {ergonomic}
   size_t MarkStackSize                            = 4194304                                   {product} {ergonomic}
   size_t MaxHeapSize                              = 3200253952                                {product} {ergonomic}
   size_t MinHeapDeltaBytes                        = 1048576                                   {product} {ergonomic}
    uintx NonNMethodCodeHeapSize                   = 5830732                                {pd product} {ergonomic}
    uintx NonProfiledCodeHeapSize                  = 122913754                              {pd product} {ergonomic}
    uintx ProfiledCodeHeapSize                     = 122913754                              {pd product} {ergonomic}
    uintx ReservedCodeCacheSize                    = 251658240                              {pd product} {ergonomic}
     bool SegmentedCodeCache                       = true                                      {product} {ergonomic}
     bool UseCompressedClassPointers               = true                                 {lp64_product} {ergonomic}
     bool UseCompressedOops                        = true                                 {lp64_product} {ergonomic}
     bool UseG1GC                                  = true                                      {product} {ergonomic}
     bool UseLargePagesIndividualAllocation        = false                                  {pd product} {ergonomic}

Logging:
Log output configuration:
 #0: stdout all=warning uptime,level,tags
 #1: stderr all=off uptime,level,tags

Environment Variables:
PATH=C:\Program Files\Common Files\Oracle\Java\javapath;C:\Program Files\AdoptOpenJDK\jdk-11.0.11.9-hotspot\bin;C:\Windows\system32;C:\Windows;C:\Windows\System32\Wbem;C:\Windows\System32\WindowsPowerShell\v1.0\;C:\Windows\System32\OpenSSH\;C:\Program Files (x86)\NoteBook FanControl\;C:\Program Files\dotnet\;C:\Program Files\Microsoft SQL Server\130\Tools\Binn\;C:\Program Files\Git\cmd;C:\Users\Ilnur\AppData\Local\Programs\Python\Python37\Scripts\;C:\Users\Ilnur\AppData\Local\Programs\Python\Python37\;C:\Users\Ilnur\AppData\Local\Microsoft\WindowsApps;C:\Users\Ilnur\.dotnet\tools;C:\Program Files\JetBrains\IntelliJ IDEA Community Edition 2021.1.1\bin;C:\Users\Ilnur\AppData\Local\Programs\Microsoft VS Code\bin
USERNAME=Ilnur
OS=Windows_NT
PROCESSOR_IDENTIFIER=Intel64 Family 6 Model 61 Stepping 4, GenuineIntel



---------------  S Y S T E M  ---------------

OS: Windows 10 , 64 bit Build 19041 (10.0.19041.1466)

CPU:total 4 (initial active 4) (2 cores per cpu, 2 threads per core) family 6 model 61 stepping 4 microcode 0x2d, cmov, cx8, fxsr, mmx, sse, sse2, sse3, ssse3, sse4.1, sse4.2, popcnt, avx, avx2, aes, clmul, erms, 3dnowpref, lzcnt, ht, tsc, tscinvbit, bmi1, bmi2, adx, fma

Memory: 4k page, system-wide physical 12207M (2538M free)
TotalPageFile size 12207M (AvailPageFile size 143M)
current process WorkingSet (physical memory assigned to process): 10M, peak: 10M
current process commit charge ("private bytes"): 52M, peak: 244M

vm_info: Java HotSpot(TM) 64-Bit Server VM (11.0.12+8-LTS-237) for windows-amd64 JRE (11.0.12+8-LTS-237), built on Jun  8 2021 11:25:59 by "mach5one" with MS VC++ 15.9 (VS2017)

END.
